<?xml version="1.0" encoding="UTF-8"?>
<testsuite xmlns:xsi="http://www.w3.org/2001/XMLSchema-instance" xsi:noNamespaceSchemaLocation="https://maven.apache.org/surefire/maven-surefire-plugin/xsd/surefire-test-report.xsd" name="com.tuysss.helloworld.HelloworldApplicationTests" time="4.044" tests="1" errors="0" skipped="0" failures="0">
  <properties>
    <property name="sun.desktop" value="windows"/>
    <property name="awt.toolkit" value="sun.awt.windows.WToolkit"/>
    <property name="file.encoding.pkg" value="sun.io"/>
    <property name="java.specification.version" value="1.8"/>
    <property name="sun.cpu.isalist" value="amd64"/>
    <property name="sun.jnu.encoding" value="GBK"/>
    <property name="java.class.path" value="D:\Code\springboot\helloworld\target\test-classes;D:\Code\springboot\helloworld\target\classes;C:\Program Files\apache-maven-3.8.5\maven-repo\org\springframework\boot\spring-boot-starter-web\2.6.7\spring-boot-starter-web-2.6.7.jar;C:\Program Files\apache-maven-3.8.5\maven-repo\org\springframework\boot\spring-boot-starter\2.6.7\spring-boot-starter-2.6.7.jar;C:\Program Files\apache-maven-3.8.5\maven-repo\org\springframework\boot\spring-boot\2.6.7\spring-boot-2.6.7.jar;C:\Program Files\apache-maven-3.8.5\maven-repo\org\springframework\boot\spring-boot-autoconfigure\2.6.7\spring-boot-autoconfigure-2.6.7.jar;C:\Program Files\apache-maven-3.8.5\maven-repo\org\springframework\boot\spring-boot-starter-logging\2.6.7\spring-boot-starter-logging-2.6.7.jar;C:\Program Files\apache-maven-3.8.5\maven-repo\ch\qos\logback\logback-classic\1.2.11\logback-classic-1.2.11.jar;C:\Program Files\apache-maven-3.8.5\maven-repo\ch\qos\logback\logback-core\1.2.11\logback-core-1.2.11.jar;C:\Program Files\apache-maven-3.8.5\maven-repo\org\apache\logging\log4j\log4j-to-slf4j\2.17.2\log4j-to-slf4j-2.17.2.jar;C:\Program Files\apache-maven-3.8.5\maven-repo\org\apache\logging\log4j\log4j-api\2.17.2\log4j-api-2.17.2.jar;C:\Program Files\apache-maven-3.8.5\maven-repo\org\slf4j\jul-to-slf4j\1.7.36\jul-to-slf4j-1.7.36.jar;C:\Program Files\apache-maven-3.8.5\maven-repo\jakarta\annotation\jakarta.annotation-api\1.3.5\jakarta.annotation-api-1.3.5.jar;C:\Program Files\apache-maven-3.8.5\maven-repo\org\yaml\snakeyaml\1.29\snakeyaml-1.29.jar;C:\Program Files\apache-maven-3.8.5\maven-repo\org\springframework\boot\spring-boot-starter-json\2.6.7\spring-boot-starter-json-2.6.7.jar;C:\Program Files\apache-maven-3.8.5\maven-repo\com\fasterxml\jackson\core\jackson-databind\2.13.2.1\jackson-databind-2.13.2.1.jar;C:\Program Files\apache-maven-3.8.5\maven-repo\com\fasterxml\jackson\core\jackson-annotations\2.13.2\jackson-annotations-2.13.2.jar;C:\Program Files\apache-maven-3.8.5\maven-repo\com\fasterxml\jackson\core\jackson-core\2.13.2\jackson-core-2.13.2.jar;C:\Program Files\apache-maven-3.8.5\maven-repo\com\fasterxml\jackson\datatype\jackson-datatype-jdk8\2.13.2\jackson-datatype-jdk8-2.13.2.jar;C:\Program Files\apache-maven-3.8.5\maven-repo\com\fasterxml\jackson\datatype\jackson-datatype-jsr310\2.13.2\jackson-datatype-jsr310-2.13.2.jar;C:\Program Files\apache-maven-3.8.5\maven-repo\com\fasterxml\jackson\module\jackson-module-parameter-names\2.13.2\jackson-module-parameter-names-2.13.2.jar;C:\Program Files\apache-maven-3.8.5\maven-repo\org\springframework\boot\spring-boot-starter-tomcat\2.6.7\spring-boot-starter-tomcat-2.6.7.jar;C:\Program Files\apache-maven-3.8.5\maven-repo\org\apache\tomcat\embed\tomcat-embed-core\9.0.62\tomcat-embed-core-9.0.62.jar;C:\Program Files\apache-maven-3.8.5\maven-repo\org\apache\tomcat\embed\tomcat-embed-el\9.0.62\tomcat-embed-el-9.0.62.jar;C:\Program Files\apache-maven-3.8.5\maven-repo\org\apache\tomcat\embed\tomcat-embed-websocket\9.0.62\tomcat-embed-websocket-9.0.62.jar;C:\Program Files\apache-maven-3.8.5\maven-repo\org\springframework\spring-web\5.3.19\spring-web-5.3.19.jar;C:\Program Files\apache-maven-3.8.5\maven-repo\org\springframework\spring-beans\5.3.19\spring-beans-5.3.19.jar;C:\Program Files\apache-maven-3.8.5\maven-repo\org\springframework\spring-webmvc\5.3.19\spring-webmvc-5.3.19.jar;C:\Program Files\apache-maven-3.8.5\maven-repo\org\springframework\spring-aop\5.3.19\spring-aop-5.3.19.jar;C:\Program Files\apache-maven-3.8.5\maven-repo\org\springframework\spring-context\5.3.19\spring-context-5.3.19.jar;C:\Program Files\apache-maven-3.8.5\maven-repo\org\springframework\spring-expression\5.3.19\spring-expression-5.3.19.jar;C:\Program Files\apache-maven-3.8.5\maven-repo\org\springframework\boot\spring-boot-starter-test\2.6.7\spring-boot-starter-test-2.6.7.jar;C:\Program Files\apache-maven-3.8.5\maven-repo\org\springframework\boot\spring-boot-test\2.6.7\spring-boot-test-2.6.7.jar;C:\Program Files\apache-maven-3.8.5\maven-repo\org\springframework\boot\spring-boot-test-autoconfigure\2.6.7\spring-boot-test-autoconfigure-2.6.7.jar;C:\Program Files\apache-maven-3.8.5\maven-repo\com\jayway\jsonpath\json-path\2.6.0\json-path-2.6.0.jar;C:\Program Files\apache-maven-3.8.5\maven-repo\net\minidev\json-smart\2.4.8\json-smart-2.4.8.jar;C:\Program Files\apache-maven-3.8.5\maven-repo\net\minidev\accessors-smart\2.4.8\accessors-smart-2.4.8.jar;C:\Program Files\apache-maven-3.8.5\maven-repo\org\ow2\asm\asm\9.1\asm-9.1.jar;C:\Program Files\apache-maven-3.8.5\maven-repo\org\slf4j\slf4j-api\1.7.36\slf4j-api-1.7.36.jar;C:\Program Files\apache-maven-3.8.5\maven-repo\jakarta\xml\bind\jakarta.xml.bind-api\2.3.3\jakarta.xml.bind-api-2.3.3.jar;C:\Program Files\apache-maven-3.8.5\maven-repo\jakarta\activation\jakarta.activation-api\1.2.2\jakarta.activation-api-1.2.2.jar;C:\Program Files\apache-maven-3.8.5\maven-repo\org\assertj\assertj-core\3.21.0\assertj-core-3.21.0.jar;C:\Program Files\apache-maven-3.8.5\maven-repo\org\hamcrest\hamcrest\2.2\hamcrest-2.2.jar;C:\Program Files\apache-maven-3.8.5\maven-repo\org\junit\jupiter\junit-jupiter\5.8.2\junit-jupiter-5.8.2.jar;C:\Program Files\apache-maven-3.8.5\maven-repo\org\junit\jupiter\junit-jupiter-api\5.8.2\junit-jupiter-api-5.8.2.jar;C:\Program Files\apache-maven-3.8.5\maven-repo\org\opentest4j\opentest4j\1.2.0\opentest4j-1.2.0.jar;C:\Program Files\apache-maven-3.8.5\maven-repo\org\junit\platform\junit-platform-commons\1.8.2\junit-platform-commons-1.8.2.jar;C:\Program Files\apache-maven-3.8.5\maven-repo\org\apiguardian\apiguardian-api\1.1.2\apiguardian-api-1.1.2.jar;C:\Program Files\apache-maven-3.8.5\maven-repo\org\junit\jupiter\junit-jupiter-params\5.8.2\junit-jupiter-params-5.8.2.jar;C:\Program Files\apache-maven-3.8.5\maven-repo\org\junit\jupiter\junit-jupiter-engine\5.8.2\junit-jupiter-engine-5.8.2.jar;C:\Program Files\apache-maven-3.8.5\maven-repo\org\junit\platform\junit-platform-engine\1.8.2\junit-platform-engine-1.8.2.jar;C:\Program Files\apache-maven-3.8.5\maven-repo\org\mockito\mockito-core\4.0.0\mockito-core-4.0.0.jar;C:\Program Files\apache-maven-3.8.5\maven-repo\net\bytebuddy\byte-buddy\1.11.22\byte-buddy-1.11.22.jar;C:\Program Files\apache-maven-3.8.5\maven-repo\net\bytebuddy\byte-buddy-agent\1.11.22\byte-buddy-agent-1.11.22.jar;C:\Program Files\apache-maven-3.8.5\maven-repo\org\objenesis\objenesis\3.2\objenesis-3.2.jar;C:\Program Files\apache-maven-3.8.5\maven-repo\org\mockito\mockito-junit-jupiter\4.0.0\mockito-junit-jupiter-4.0.0.jar;C:\Program Files\apache-maven-3.8.5\maven-repo\org\skyscreamer\jsonassert\1.5.0\jsonassert-1.5.0.jar;C:\Program Files\apache-maven-3.8.5\maven-repo\com\vaadin\external\google\android-json\0.0.20131108.vaadin1\android-json-0.0.20131108.vaadin1.jar;C:\Program Files\apache-maven-3.8.5\maven-repo\org\springframework\spring-core\5.3.19\spring-core-5.3.19.jar;C:\Program Files\apache-maven-3.8.5\maven-repo\org\springframework\spring-jcl\5.3.19\spring-jcl-5.3.19.jar;C:\Program Files\apache-maven-3.8.5\maven-repo\org\springframework\spring-test\5.3.19\spring-test-5.3.19.jar;C:\Program Files\apache-maven-3.8.5\maven-repo\org\xmlunit\xmlunit-core\2.8.4\xmlunit-core-2.8.4.jar;"/>
    <property name="java.vm.vendor" value="Oracle Corporation"/>
    <property name="sun.arch.data.model" value="64"/>
    <property name="user.variant" value=""/>
    <property name="java.vendor.url" value="http://java.oracle.com/"/>
    <property name="user.timezone" value="Asia/Shanghai"/>
    <property name="java.vm.specification.version" value="1.8"/>
    <property name="os.name" value="Windows 10"/>
    <property name="user.country" value="CN"/>
    <property name="sun.java.launcher" value="SUN_STANDARD"/>
    <property name="sun.boot.library.path" value="C:\Program Files\Java\jdk1.8.0_321\jre\bin"/>
    <property name="sun.java.command" value="C:\Users\TIANYA~1\AppData\Local\Temp\surefire5427357210626776540\surefirebooter6017717434166641929.jar C:\Users\TianYanning\AppData\Local\Temp\surefire5427357210626776540 2022-05-17T14-40-42_168-jvmRun1 surefire1649640646507551657tmp surefire_03222603346137967473tmp"/>
    <property name="surefire.test.class.path" value="D:\Code\springboot\helloworld\target\test-classes;D:\Code\springboot\helloworld\target\classes;C:\Program Files\apache-maven-3.8.5\maven-repo\org\springframework\boot\spring-boot-starter-web\2.6.7\spring-boot-starter-web-2.6.7.jar;C:\Program Files\apache-maven-3.8.5\maven-repo\org\springframework\boot\spring-boot-starter\2.6.7\spring-boot-starter-2.6.7.jar;C:\Program Files\apache-maven-3.8.5\maven-repo\org\springframework\boot\spring-boot\2.6.7\spring-boot-2.6.7.jar;C:\Program Files\apache-maven-3.8.5\maven-repo\org\springframework\boot\spring-boot-autoconfigure\2.6.7\spring-boot-autoconfigure-2.6.7.jar;C:\Program Files\apache-maven-3.8.5\maven-repo\org\springframework\boot\spring-boot-starter-logging\2.6.7\spring-boot-starter-logging-2.6.7.jar;C:\Program Files\apache-maven-3.8.5\maven-repo\ch\qos\logback\logback-classic\1.2.11\logback-classic-1.2.11.jar;C:\Program Files\apache-maven-3.8.5\maven-repo\ch\qos\logback\logback-core\1.2.11\logback-core-1.2.11.jar;C:\Program Files\apache-maven-3.8.5\maven-repo\org\apache\logging\log4j\log4j-to-slf4j\2.17.2\log4j-to-slf4j-2.17.2.jar;C:\Program Files\apache-maven-3.8.5\maven-repo\org\apache\logging\log4j\log4j-api\2.17.2\log4j-api-2.17.2.jar;C:\Program Files\apache-maven-3.8.5\maven-repo\org\slf4j\jul-to-slf4j\1.7.36\jul-to-slf4j-1.7.36.jar;C:\Program Files\apache-maven-3.8.5\maven-repo\jakarta\annotation\jakarta.annotation-api\1.3.5\jakarta.annotation-api-1.3.5.jar;C:\Program Files\apache-maven-3.8.5\maven-repo\org\yaml\snakeyaml\1.29\snakeyaml-1.29.jar;C:\Program Files\apache-maven-3.8.5\maven-repo\org\springframework\boot\spring-boot-starter-json\2.6.7\spring-boot-starter-json-2.6.7.jar;C:\Program Files\apache-maven-3.8.5\maven-repo\com\fasterxml\jackson\core\jackson-databind\2.13.2.1\jackson-databind-2.13.2.1.jar;C:\Program Files\apache-maven-3.8.5\maven-repo\com\fasterxml\jackson\core\jackson-annotations\2.13.2\jackson-annotations-2.13.2.jar;C:\Program Files\apache-maven-3.8.5\maven-repo\com\fasterxml\jackson\core\jackson-core\2.13.2\jackson-core-2.13.2.jar;C:\Program Files\apache-maven-3.8.5\maven-repo\com\fasterxml\jackson\datatype\jackson-datatype-jdk8\2.13.2\jackson-datatype-jdk8-2.13.2.jar;C:\Program Files\apache-maven-3.8.5\maven-repo\com\fasterxml\jackson\datatype\jackson-datatype-jsr310\2.13.2\jackson-datatype-jsr310-2.13.2.jar;C:\Program Files\apache-maven-3.8.5\maven-repo\com\fasterxml\jackson\module\jackson-module-parameter-names\2.13.2\jackson-module-parameter-names-2.13.2.jar;C:\Program Files\apache-maven-3.8.5\maven-repo\org\springframework\boot\spring-boot-starter-tomcat\2.6.7\spring-boot-starter-tomcat-2.6.7.jar;C:\Program Files\apache-maven-3.8.5\maven-repo\org\apache\tomcat\embed\tomcat-embed-core\9.0.62\tomcat-embed-core-9.0.62.jar;C:\Program Files\apache-maven-3.8.5\maven-repo\org\apache\tomcat\embed\tomcat-embed-el\9.0.62\tomcat-embed-el-9.0.62.jar;C:\Program Files\apache-maven-3.8.5\maven-repo\org\apache\tomcat\embed\tomcat-embed-websocket\9.0.62\tomcat-embed-websocket-9.0.62.jar;C:\Program Files\apache-maven-3.8.5\maven-repo\org\springframework\spring-web\5.3.19\spring-web-5.3.19.jar;C:\Program Files\apache-maven-3.8.5\maven-repo\org\springframework\spring-beans\5.3.19\spring-beans-5.3.19.jar;C:\Program Files\apache-maven-3.8.5\maven-repo\org\springframework\spring-webmvc\5.3.19\spring-webmvc-5.3.19.jar;C:\Program Files\apache-maven-3.8.5\maven-repo\org\springframework\spring-aop\5.3.19\spring-aop-5.3.19.jar;C:\Program Files\apache-maven-3.8.5\maven-repo\org\springframework\spring-context\5.3.19\spring-context-5.3.19.jar;C:\Program Files\apache-maven-3.8.5\maven-repo\org\springframework\spring-expression\5.3.19\spring-expression-5.3.19.jar;C:\Program Files\apache-maven-3.8.5\maven-repo\org\springframework\boot\spring-boot-starter-test\2.6.7\spring-boot-starter-test-2.6.7.jar;C:\Program Files\apache-maven-3.8.5\maven-repo\org\springframework\boot\spring-boot-test\2.6.7\spring-boot-test-2.6.7.jar;C:\Program Files\apache-maven-3.8.5\maven-repo\org\springframework\boot\spring-boot-test-autoconfigure\2.6.7\spring-boot-test-autoconfigure-2.6.7.jar;C:\Program Files\apache-maven-3.8.5\maven-repo\com\jayway\jsonpath\json-path\2.6.0\json-path-2.6.0.jar;C:\Program Files\apache-maven-3.8.5\maven-repo\net\minidev\json-smart\2.4.8\json-smart-2.4.8.jar;C:\Program Files\apache-maven-3.8.5\maven-repo\net\minidev\accessors-smart\2.4.8\accessors-smart-2.4.8.jar;C:\Program Files\apache-maven-3.8.5\maven-repo\org\ow2\asm\asm\9.1\asm-9.1.jar;C:\Program Files\apache-maven-3.8.5\maven-repo\org\slf4j\slf4j-api\1.7.36\slf4j-api-1.7.36.jar;C:\Program Files\apache-maven-3.8.5\maven-repo\jakarta\xml\bind\jakarta.xml.bind-api\2.3.3\jakarta.xml.bind-api-2.3.3.jar;C:\Program Files\apache-maven-3.8.5\maven-repo\jakarta\activation\jakarta.activation-api\1.2.2\jakarta.activation-api-1.2.2.jar;C:\Program Files\apache-maven-3.8.5\maven-repo\org\assertj\assertj-core\3.21.0\assertj-core-3.21.0.jar;C:\Program Files\apache-maven-3.8.5\maven-repo\org\hamcrest\hamcrest\2.2\hamcrest-2.2.jar;C:\Program Files\apache-maven-3.8.5\maven-repo\org\junit\jupiter\junit-jupiter\5.8.2\junit-jupiter-5.8.2.jar;C:\Program Files\apache-maven-3.8.5\maven-repo\org\junit\jupiter\junit-jupiter-api\5.8.2\junit-jupiter-api-5.8.2.jar;C:\Program Files\apache-maven-3.8.5\maven-repo\org\opentest4j\opentest4j\1.2.0\opentest4j-1.2.0.jar;C:\Program Files\apache-maven-3.8.5\maven-repo\org\junit\platform\junit-platform-commons\1.8.2\junit-platform-commons-1.8.2.jar;C:\Program Files\apache-maven-3.8.5\maven-repo\org\apiguardian\apiguardian-api\1.1.2\apiguardian-api-1.1.2.jar;C:\Program Files\apache-maven-3.8.5\maven-repo\org\junit\jupiter\junit-jupiter-params\5.8.2\junit-jupiter-params-5.8.2.jar;C:\Program Files\apache-maven-3.8.5\maven-repo\org\junit\jupiter\junit-jupiter-engine\5.8.2\junit-jupiter-engine-5.8.2.jar;C:\Program Files\apache-maven-3.8.5\maven-repo\org\junit\platform\junit-platform-engine\1.8.2\junit-platform-engine-1.8.2.jar;C:\Program Files\apache-maven-3.8.5\maven-repo\org\mockito\mockito-core\4.0.0\mockito-core-4.0.0.jar;C:\Program Files\apache-maven-3.8.5\maven-repo\net\bytebuddy\byte-buddy\1.11.22\byte-buddy-1.11.22.jar;C:\Program Files\apache-maven-3.8.5\maven-repo\net\bytebuddy\byte-buddy-agent\1.11.22\byte-buddy-agent-1.11.22.jar;C:\Program Files\apache-maven-3.8.5\maven-repo\org\objenesis\objenesis\3.2\objenesis-3.2.jar;C:\Program Files\apache-maven-3.8.5\maven-repo\org\mockito\mockito-junit-jupiter\4.0.0\mockito-junit-jupiter-4.0.0.jar;C:\Program Files\apache-maven-3.8.5\maven-repo\org\skyscreamer\jsonassert\1.5.0\jsonassert-1.5.0.jar;C:\Program Files\apache-maven-3.8.5\maven-repo\com\vaadin\external\google\android-json\0.0.20131108.vaadin1\android-json-0.0.20131108.vaadin1.jar;C:\Program Files\apache-maven-3.8.5\maven-repo\org\springframework\spring-core\5.3.19\spring-core-5.3.19.jar;C:\Program Files\apache-maven-3.8.5\maven-repo\org\springframework\spring-jcl\5.3.19\spring-jcl-5.3.19.jar;C:\Program Files\apache-maven-3.8.5\maven-repo\org\springframework\spring-test\5.3.19\spring-test-5.3.19.jar;C:\Program Files\apache-maven-3.8.5\maven-repo\org\xmlunit\xmlunit-core\2.8.4\xmlunit-core-2.8.4.jar;"/>
    <property name="sun.cpu.endian" value="little"/>
    <property name="user.home" value="C:\Users\TianYanning"/>
    <property name="user.language" value="zh"/>
    <property name="java.specification.vendor" value="Oracle Corporation"/>
    <property name="java.home" value="C:\Program Files\Java\jdk1.8.0_321\jre"/>
    <property name="basedir" value="D:\Code\springboot\helloworld"/>
    <property name="file.separator" value="\"/>
    <property name="line.separator" value="&#10;"/>
    <property name="java.vm.specification.vendor" value="Oracle Corporation"/>
    <property name="java.specification.name" value="Java Platform API Specification"/>
    <property name="java.awt.graphicsenv" value="sun.awt.Win32GraphicsEnvironment"/>
    <property name="surefire.real.class.path" value="C:\Users\TIANYA~1\AppData\Local\Temp\surefire5427357210626776540\surefirebooter6017717434166641929.jar"/>
    <property name="sun.boot.class.path" value="C:\Program Files\Java\jdk1.8.0_321\jre\lib\resources.jar;C:\Program Files\Java\jdk1.8.0_321\jre\lib\rt.jar;C:\Program Files\Java\jdk1.8.0_321\jre\lib\sunrsasign.jar;C:\Program Files\Java\jdk1.8.0_321\jre\lib\jsse.jar;C:\Program Files\Java\jdk1.8.0_321\jre\lib\jce.jar;C:\Program Files\Java\jdk1.8.0_321\jre\lib\charsets.jar;C:\Program Files\Java\jdk1.8.0_321\jre\lib\jfr.jar;C:\Program Files\Java\jdk1.8.0_321\jre\classes"/>
    <property name="user.script" value=""/>
    <property name="sun.management.compiler" value="HotSpot 64-Bit Tiered Compilers"/>
    <property name="java.runtime.version" value="1.8.0_321-b07"/>
    <property name="user.name" value="TianYanning"/>
    <property name="path.separator" value=";"/>
    <property name="os.version" value="10.0"/>
    <property name="java.endorsed.dirs" value="C:\Program Files\Java\jdk1.8.0_321\jre\lib\endorsed"/>
    <property name="java.runtime.name" value="Java(TM) SE Runtime Environment"/>
    <property name="file.encoding" value="GBK"/>
    <property name="java.vm.name" value="Java HotSpot(TM) 64-Bit Server VM"/>
    <property name="localRepository" value="C:\Program Files\apache-maven-3.8.5\maven-repo"/>
    <property name="java.vendor.url.bug" value="http://bugreport.sun.com/bugreport/"/>
    <property name="java.io.tmpdir" value="C:\Users\TIANYA~1\AppData\Local\Temp\"/>
    <property name="idea.version" value="2021.3.3"/>
    <property name="java.version" value="1.8.0_321"/>
    <property name="user.dir" value="D:\Code\springboot\helloworld"/>
    <property name="os.arch" value="amd64"/>
    <property name="java.vm.specification.name" value="Java Virtual Machine Specification"/>
    <property name="java.awt.printerjob" value="sun.awt.windows.WPrinterJob"/>
    <property name="sun.os.patch.level" value=""/>
    <property name="java.library.path" value="C:\Program Files\Java\jdk1.8.0_321\jre\bin;C:\Windows\Sun\Java\bin;C:\Windows\system32;C:\Windows;C:\Program Files\Java\jdk1.8.0_321\bin;C:\Program Files (x86)\Common Files\Oracle\Java\javapath;C:\Program Files (x86)\VMware\VMware Workstation\bin\;C:\Windows\System32\;C:\Users\TianYanning\AppData\Local\GitHubDesktop\app-2.8.3\resources\app\git\cmd;C:\Program Files\dotnet\;C:\Program Files\Microsoft SQL Server\130\Tools\Binn\;C:\Program Files\Git\cmd;C:\Program Files\Java\jre1.8.0_321\bin;C:\Program Files\mysql-5.7.37\bin;C:\Program Files\apache-maven-3.8.5\bin;C:\Users\TianYanning\AppData\Local\Programs\Python\Python310\Scripts\;C:\Users\TianYanning\AppData\Local\Programs\Python\Python310\;C:\Users\TianYanning\AppData\Local\Microsoft\WindowsApps;C:\Program Files\Java\jdk1.8.0_301;C:\Users\TianYanning\.dotnet\tools;C:\Program Files\JetBrains\IntelliJ IDEA Community Edition 2021.2.3\bin;;C:\Windows\System32\WindowsPowerShell\v1.0;C:\Program Files\Apache\apache-maven-3.3.3\bin;;C:\Program Files\JetBrains\IntelliJ IDEA 2021.3.3\bin;;."/>
    <property name="java.vm.info" value="mixed mode"/>
    <property name="java.vendor" value="Oracle Corporation"/>
    <property name="java.vm.version" value="25.321-b07"/>
    <property name="java.ext.dirs" value="C:\Program Files\Java\jdk1.8.0_321\jre\lib\ext;C:\Windows\Sun\Java\lib\ext"/>
    <property name="sun.io.unicode.encoding" value="UnicodeLittle"/>
    <property name="maven.repo.local" value="C:\Program Files\apache-maven-3.8.5\maven-repo"/>
    <property name="java.class.version" value="52.0"/>
  </properties>
  <testcase name="contextLoads" classname="com.tuysss.helloworld.HelloworldApplicationTests" time="0.47"/>
</testsuite>